0 info it worked if it ends with ok
1 verbose cli [ 'C:\\Program Files\\nodejs\\\\node.exe',
1 verbose cli   'C:\\Program Files\\nodejs\\node_modules\\npm\\bin\\npm-cli.js',
1 verbose cli   'init' ]
2 info using npm@1.2.2
3 info using node@v0.9.7
4 verbose node symlink C:\Program Files\nodejs\\node.exe
5 verbose read json D:\gitworkspace-nb\web-platform\web_hopefuture\web\nodejs\demo\module\package.json
6 silly package data undefined
7 info init written successfully
8 error Error: canceled
8 error     at Interface.<anonymous> (C:\Program Files\nodejs\node_modules\npm\node_modules\read\lib\read.js:65:13)
8 error     at Interface.EventEmitter.emit (events.js:91:17)
8 error     at Interface._ttyWrite (readline.js:609:16)
8 error     at ReadStream.onkeypress (readline.js:97:10)
8 error     at ReadStream.EventEmitter.emit (events.js:97:17)
8 error     at emitKey (readline.js:1062:12)
8 error     at ReadStream.onData (readline.js:811:14)
8 error     at ReadStream.EventEmitter.emit (events.js:94:17)
8 error     at ReadStream.<anonymous> (_stream_readable.js:589:14)
8 error     at ReadStream.EventEmitter.emit (events.js:91:17)
9 error If you need help, you may report this log at:
9 error     <http://github.com/isaacs/npm/issues>
9 error or email it to:
9 error     <npm-@googlegroups.com>
10 error System Windows_NT 6.1.7601
11 error command "C:\\Program Files\\nodejs\\\\node.exe" "C:\\Program Files\\nodejs\\node_modules\\npm\\bin\\npm-cli.js" "init"
12 error cwd D:\gitworkspace-nb\web-platform\web_hopefuture\web\nodejs\demo\module
13 error node -v v0.9.7
14 error npm -v 1.2.2
15 verbose exit [ 1, true ]
